<?xml version="1.0" encoding="UTF-8" ?>
<testsuite failures="0" time="0.038" errors="0" skipped="0" tests="12" name="com.cp.LexerTest">
  <properties>
[...]
</properties>
  <testcase time="0.001" classname="com.cp.LexerTest" name="test_test"/>
  <testcase time="0.001" classname="com.cp.LexerTest" name="test_arithmetic_expr_01"/>
  <testcase time="0" classname="com.cp.LexerTest" name="test_arithmetic_expr_02"/>
  <testcase time="0.001" classname="com.cp.LexerTest" name="test_arithmetic_expr_03"/>
  <testcase time="0.001" classname="com.cp.LexerTest" name="test_arithmetic_expr_04"/>
  <testcase time="0" classname="com.cp.LexerTest" name="test_arithmetic_expr_05"/>
  <testcase time="0.001" classname="com.cp.LexerTest" name="test_arithmetic_expr_06"/>
  <testcase time="0.001" classname="com.cp.LexerTest" name="test_arithmetic_expr_07"/>
  <testcase time="0" classname="com.cp.LexerTest" name="test_arithmetic_expr_08"/>
  <testcase time="0" classname="com.cp.LexerTest" name="test_arithmetic_expr_09"/>
  <testcase time="0" classname="com.cp.LexerTest" name="test_arithmetic_expr_10"/>
  <testcase time="0.001" classname="com.cp.LexerTest" name="test_fun_"/>
</testsuite>