<?xml version="1.0" encoding="UTF-8" ?>
<testsuite failures="0" time="0.13" errors="0" skipped="0" tests="8" name="com.cp.ParserTest">
  <properties>
[...]
</properties>
  <testcase time="0.001" classname="com.cp.ParserTest" name="test_parse_01"/>
  <testcase time="0.001" classname="com.cp.ParserTest" name="test_parse_02"/>
  <testcase time="0.006" classname="com.cp.ParserTest" name="test_parse_03"/>
  <testcase time="0.014" classname="com.cp.ParserTest" name="test_parse_04"/>
  <testcase time="0.002" classname="com.cp.ParserTest" name="test_parse_05"/>
  <testcase time="0.002" classname="com.cp.ParserTest" name="test_parse_07"/>
  <testcase time="0.083" classname="com.cp.ParserTest" name="test_parse_08"/>
  <testcase time="0.002" classname="com.cp.ParserTest" name="test_parse_09"/>
</testsuite>